<?xml version="1.0" encoding="UTF-8" ?>
<testsuite failures="0" time="1.256" errors="1" skipped="0" tests="1" name="org.mule.appkit.it.PackageWithArchivedClassesIT">
  <properties>
[...]
</properties>
  <testcase time="1.254" classname="org.mule.appkit.it.PackageWithArchivedClassesIT" name="buildExecutable">
    <error message="Exit code was non-zero: 1; command line and log = 
/usr/local/apache-maven/apache-maven-3.0.5/bin/mvn -e --batch-mode -Duse.mavenRepoLocal=true -Ddevkit.studio.package.skip=true -DfullDomain=localhost -Ddevkit.javadoc.check.skip=true -Dmaven.repo.local=/Users/miguel/.m2/repository org.apache.maven.plugins:maven-clean-plugin:clean package
[INFO] Error stacktraces are turned on.
[INFO] Scanning for projects...
[WARNING] The POM for org.mule.tools.appkit:mule-appkit-maven-plugin:jar:3.5-SNAPSHOT is missing, no dependency information available
[ERROR] The build could not read 1 project -&gt; [Help 1]
org.apache.maven.project.ProjectBuildingException: Some problems were encountered while processing the POMs:
[ERROR] Unresolveable build extension: Plugin org.mule.tools.appkit:mule-appkit-maven-plugin:3.5-SNAPSHOT or one of its dependencies could not be resolved: Failure to find org.mule.tools.appkit:mule-appkit-maven-plugin:jar:3.5-SNAPSHOT in https://repository.mulesoft.org/releases/ was cached in the local repository, resolution will not be reattempted until the update interval of mulesoft-release has elapsed or updates are forced @ 
[ERROR] Unknown packaging: mule @ line 7, column 16

	at org.apache.maven.project.DefaultProjectBuilder.build(DefaultProjectBuilder.java:363)
	at org.apache.maven.DefaultMaven.collectProjects(DefaultMaven.java:636)
	at org.apache.maven.DefaultMaven.getProjectsForMavenReactor(DefaultMaven.java:585)
	at org.apache.maven.DefaultMaven.doExecute(DefaultMaven.java:234)
	at org.apache.maven.DefaultMaven.execute(DefaultMaven.java:156)
	at org.apache.maven.cli.MavenCli.execute(MavenCli.java:537)
	at org.apache.maven.cli.MavenCli.doMain(MavenCli.java:196)
	at org.apache.maven.cli.MavenCli.main(MavenCli.java:141)
	at sun.reflect.NativeMethodAccessorImpl.invoke0(Native Method)
	at sun.reflect.NativeMethodAccessorImpl.invoke(NativeMethodAccessorImpl.java:39)
	at sun.reflect.DelegatingMethodAccessorImpl.invoke(DelegatingMethodAccessorImpl.java:25)
	at java.lang.reflect.Method.invoke(Method.java:597)
	at org.codehaus.plexus.classworlds.launcher.Launcher.launchEnhanced(Launcher.java:290)
	at org.codehaus.plexus.classworlds.launcher.Launcher.launch(Launcher.java:230)
	at org.codehaus.plexus.classworlds.launcher.Launcher.mainWithExitCode(Launcher.java:409)
	at org.codehaus.plexus.classworlds.launcher.Launcher.main(Launcher.java:352)
[ERROR]   
[ERROR]   The project org.mule:project-with-archived-classes:1.0-SNAPSHOT (/Users/miguel/Workspace/mule-appkit/integration-tests/target/integration-tests/project-with-archived-classes/pom.xml) has 2 errors
[ERROR]     Unresolveable build extension: Plugin org.mule.tools.appkit:mule-appkit-maven-plugin:3.5-SNAPSHOT or one of its dependencies could not be resolved: Failure to find org.mule.tools.appkit:mule-appkit-maven-plugin:jar:3.5-SNAPSHOT in https://repository.mulesoft.org/releases/ was cached in the local repository, resolution will not be reattempted until the update interval of mulesoft-release has elapsed or updates are forced -&gt; [Help 2]
org.apache.maven.plugin.PluginResolutionException: Plugin org.mule.tools.appkit:mule-appkit-maven-plugin:3.5-SNAPSHOT or one of its dependencies could not be resolved: Failure to find org.mule.tools.appkit:mule-appkit-maven-plugin:jar:3.5-SNAPSHOT in https://repository.mulesoft.org/releases/ was cached in the local repository, resolution will not be reattempted until the update interval of mulesoft-release has elapsed or updates are forced
	at org.apache.maven.plugin.internal.DefaultPluginDependenciesResolver.resolve(DefaultPluginDependenciesResolver.java:215)
	at org.apache.maven.project.DefaultProjectBuildingHelper.resolveExtensionArtifacts(DefaultProjectBuildingHelper.java:377)
	at org.apache.maven.project.DefaultProjectBuildingHelper.createProjectRealm(DefaultProjectBuildingHelper.java:237)
	at org.apache.maven.project.DefaultModelBuildingListener.buildExtensionsAssembled(DefaultModelBuildingListener.java:106)
	at org.apache.maven.model.building.ModelBuildingEventCatapult$1.fire(ModelBuildingEventCatapult.java:43)
	at org.apache.maven.model.building.DefaultModelBuilder.fireEvent(DefaultModelBuilder.java:1053)
	at org.apache.maven.model.building.DefaultModelBuilder.build(DefaultModelBuilder.java:388)
	at org.apache.maven.model.building.DefaultModelBuilder.build(DefaultModelBuilder.java:371)
	at org.apache.maven.project.DefaultProjectBuilder.build(DefaultProjectBuilder.java:560)
	at org.apache.maven.project.DefaultProjectBuilder.build(DefaultProjectBuilder.java:352)
	at org.apache.maven.DefaultMaven.collectProjects(DefaultMaven.java:636)
	at org.apache.maven.DefaultMaven.getProjectsForMavenReactor(DefaultMaven.java:585)
	at org.apache.maven.DefaultMaven.doExecute(DefaultMaven.java:234)
	at org.apache.maven.DefaultMaven.execute(DefaultMaven.java:156)
	at org.apache.maven.cli.MavenCli.execute(MavenCli.java:537)
	at org.apache.maven.cli.MavenCli.doMain(MavenCli.java:196)
	at org.apache.maven.cli.MavenCli.main(MavenCli.java:141)
	at sun.reflect.NativeMethodAccessorImpl.invoke0(Native Method)
	at sun.reflect.NativeMethodAccessorImpl.invoke(NativeMethodAccessorImpl.java:39)
	at sun.reflect.DelegatingMethodAccessorImpl.invoke(DelegatingMethodAccessorImpl.java:25)
	at java.lang.reflect.Method.invoke(Method.java:597)
	at org.codehaus.plexus.classworlds.launcher.Launcher.launchEnhanced(Launcher.java:290)
	at org.codehaus.plexus.classworlds.launcher.Launcher.launch(Launcher.java:230)
	at org.codehaus.plexus.classworlds.launcher.Launcher.mainWithExitCode(Launcher.java:409)
	at org.codehaus.plexus.classworlds.launcher.Launcher.main(Launcher.java:352)
Caused by: org.sonatype.aether.resolution.ArtifactResolutionException: Failure to find org.mule.tools.appkit:mule-appkit-maven-plugin:jar:3.5-SNAPSHOT in https://repository.mulesoft.org/releases/ was cached in the local repository, resolution will not be reattempted until the update interval of mulesoft-release has elapsed or updates are forced
	at org.sonatype.aether.impl.internal.DefaultArtifactResolver.resolve(DefaultArtifactResolver.java:538)
	at org.sonatype.aether.impl.internal.DefaultArtifactResolver.resolveArtifacts(DefaultArtifactResolver.java:216)
	at org.sonatype.aether.impl.internal.DefaultRepositorySystem.resolveDependencies(DefaultRepositorySystem.java:358)
	at org.apache.maven.plugin.internal.DefaultPluginDependenciesResolver.resolve(DefaultPluginDependenciesResolver.java:207)
	... 24 more
Caused by: org.sonatype.aether.transfer.ArtifactNotFoundException: Failure to find org.mule.tools.appkit:mule-appkit-maven-plugin:jar:3.5-SNAPSHOT in https://repository.mulesoft.org/releases/ was cached in the local repository, resolution will not be reattempted until the update interval of mulesoft-release has elapsed or updates are forced
	at org.sonatype.aether.impl.internal.DefaultUpdateCheckManager.newException(DefaultUpdateCheckManager.java:230)
	at org.sonatype.aether.impl.internal.DefaultUpdateCheckManager.checkArtifact(DefaultUpdateCheckManager.java:204)
	at org.sonatype.aether.impl.internal.DefaultArtifactResolver.resolve(DefaultArtifactResolver.java:427)
	... 27 more
[ERROR]     Unknown packaging: mule @ line 7, column 16
[ERROR] 
[ERROR] Re-run Maven using the -X switch to enable full debug logging.
[ERROR] 
[ERROR] For more information about the errors and possible solutions, please read the following articles:
[ERROR] [Help 1] http://cwiki.apache.org/confluence/display/MAVEN/ProjectBuildingException
[ERROR] [Help 2] http://cwiki.apache.org/confluence/display/MAVEN/PluginResolutionException
" type="org.apache.maven.it.VerificationException">org.apache.maven.it.VerificationException: Exit code was non-zero: 1; command line and log = 
/usr/local/apache-maven/apache-maven-3.0.5/bin/mvn -e --batch-mode -Duse.mavenRepoLocal=true -Ddevkit.studio.package.skip=true -DfullDomain=localhost -Ddevkit.javadoc.check.skip=true -Dmaven.repo.local=/Users/miguel/.m2/repository org.apache.maven.plugins:maven-clean-plugin:clean package
[INFO] Error stacktraces are turned on.
[INFO] Scanning for projects...
[WARNING] The POM for org.mule.tools.appkit:mule-appkit-maven-plugin:jar:3.5-SNAPSHOT is missing, no dependency information available
[ERROR] The build could not read 1 project -&gt; [Help 1]
org.apache.maven.project.ProjectBuildingException: Some problems were encountered while processing the POMs:
[ERROR] Unresolveable build extension: Plugin org.mule.tools.appkit:mule-appkit-maven-plugin:3.5-SNAPSHOT or one of its dependencies could not be resolved: Failure to find org.mule.tools.appkit:mule-appkit-maven-plugin:jar:3.5-SNAPSHOT in https://repository.mulesoft.org/releases/ was cached in the local repository, resolution will not be reattempted until the update interval of mulesoft-release has elapsed or updates are forced @ 
[ERROR] Unknown packaging: mule @ line 7, column 16

	at org.apache.maven.project.DefaultProjectBuilder.build(DefaultProjectBuilder.java:363)
	at org.apache.maven.DefaultMaven.collectProjects(DefaultMaven.java:636)
	at org.apache.maven.DefaultMaven.getProjectsForMavenReactor(DefaultMaven.java:585)
	at org.apache.maven.DefaultMaven.doExecute(DefaultMaven.java:234)
	at org.apache.maven.DefaultMaven.execute(DefaultMaven.java:156)
	at org.apache.maven.cli.MavenCli.execute(MavenCli.java:537)
	at org.apache.maven.cli.MavenCli.doMain(MavenCli.java:196)
	at org.apache.maven.cli.MavenCli.main(MavenCli.java:141)
	at sun.reflect.NativeMethodAccessorImpl.invoke0(Native Method)
	at sun.reflect.NativeMethodAccessorImpl.invoke(NativeMethodAccessorImpl.java:39)
	at sun.reflect.DelegatingMethodAccessorImpl.invoke(DelegatingMethodAccessorImpl.java:25)
	at java.lang.reflect.Method.invoke(Method.java:597)
	at org.codehaus.plexus.classworlds.launcher.Launcher.launchEnhanced(Launcher.java:290)
	at org.codehaus.plexus.classworlds.launcher.Launcher.launch(Launcher.java:230)
	at org.codehaus.plexus.classworlds.launcher.Launcher.mainWithExitCode(Launcher.java:409)
	at org.codehaus.plexus.classworlds.launcher.Launcher.main(Launcher.java:352)
[ERROR]   
[ERROR]   The project org.mule:project-with-archived-classes:1.0-SNAPSHOT (/Users/miguel/Workspace/mule-appkit/integration-tests/target/integration-tests/project-with-archived-classes/pom.xml) has 2 errors
[ERROR]     Unresolveable build extension: Plugin org.mule.tools.appkit:mule-appkit-maven-plugin:3.5-SNAPSHOT or one of its dependencies could not be resolved: Failure to find org.mule.tools.appkit:mule-appkit-maven-plugin:jar:3.5-SNAPSHOT in https://repository.mulesoft.org/releases/ was cached in the local repository, resolution will not be reattempted until the update interval of mulesoft-release has elapsed or updates are forced -&gt; [Help 2]
org.apache.maven.plugin.PluginResolutionException: Plugin org.mule.tools.appkit:mule-appkit-maven-plugin:3.5-SNAPSHOT or one of its dependencies could not be resolved: Failure to find org.mule.tools.appkit:mule-appkit-maven-plugin:jar:3.5-SNAPSHOT in https://repository.mulesoft.org/releases/ was cached in the local repository, resolution will not be reattempted until the update interval of mulesoft-release has elapsed or updates are forced
	at org.apache.maven.plugin.internal.DefaultPluginDependenciesResolver.resolve(DefaultPluginDependenciesResolver.java:215)
	at org.apache.maven.project.DefaultProjectBuildingHelper.resolveExtensionArtifacts(DefaultProjectBuildingHelper.java:377)
	at org.apache.maven.project.DefaultProjectBuildingHelper.createProjectRealm(DefaultProjectBuildingHelper.java:237)
	at org.apache.maven.project.DefaultModelBuildingListener.buildExtensionsAssembled(DefaultModelBuildingListener.java:106)
	at org.apache.maven.model.building.ModelBuildingEventCatapult$1.fire(ModelBuildingEventCatapult.java:43)
	at org.apache.maven.model.building.DefaultModelBuilder.fireEvent(DefaultModelBuilder.java:1053)
	at org.apache.maven.model.building.DefaultModelBuilder.build(DefaultModelBuilder.java:388)
	at org.apache.maven.model.building.DefaultModelBuilder.build(DefaultModelBuilder.java:371)
	at org.apache.maven.project.DefaultProjectBuilder.build(DefaultProjectBuilder.java:560)
	at org.apache.maven.project.DefaultProjectBuilder.build(DefaultProjectBuilder.java:352)
	at org.apache.maven.DefaultMaven.collectProjects(DefaultMaven.java:636)
	at org.apache.maven.DefaultMaven.getProjectsForMavenReactor(DefaultMaven.java:585)
	at org.apache.maven.DefaultMaven.doExecute(DefaultMaven.java:234)
	at org.apache.maven.DefaultMaven.execute(DefaultMaven.java:156)
	at org.apache.maven.cli.MavenCli.execute(MavenCli.java:537)
	at org.apache.maven.cli.MavenCli.doMain(MavenCli.java:196)
	at org.apache.maven.cli.MavenCli.main(MavenCli.java:141)
	at sun.reflect.NativeMethodAccessorImpl.invoke0(Native Method)
	at sun.reflect.NativeMethodAccessorImpl.invoke(NativeMethodAccessorImpl.java:39)
	at sun.reflect.DelegatingMethodAccessorImpl.invoke(DelegatingMethodAccessorImpl.java:25)
	at java.lang.reflect.Method.invoke(Method.java:597)
	at org.codehaus.plexus.classworlds.launcher.Launcher.launchEnhanced(Launcher.java:290)
	at org.codehaus.plexus.classworlds.launcher.Launcher.launch(Launcher.java:230)
	at org.codehaus.plexus.classworlds.launcher.Launcher.mainWithExitCode(Launcher.java:409)
	at org.codehaus.plexus.classworlds.launcher.Launcher.main(Launcher.java:352)
Caused by: org.sonatype.aether.resolution.ArtifactResolutionException: Failure to find org.mule.tools.appkit:mule-appkit-maven-plugin:jar:3.5-SNAPSHOT in https://repository.mulesoft.org/releases/ was cached in the local repository, resolution will not be reattempted until the update interval of mulesoft-release has elapsed or updates are forced
	at org.sonatype.aether.impl.internal.DefaultArtifactResolver.resolve(DefaultArtifactResolver.java:538)
	at org.sonatype.aether.impl.internal.DefaultArtifactResolver.resolveArtifacts(DefaultArtifactResolver.java:216)
	at org.sonatype.aether.impl.internal.DefaultRepositorySystem.resolveDependencies(DefaultRepositorySystem.java:358)
	at org.apache.maven.plugin.internal.DefaultPluginDependenciesResolver.resolve(DefaultPluginDependenciesResolver.java:207)
	... 24 more
Caused by: org.sonatype.aether.transfer.ArtifactNotFoundException: Failure to find org.mule.tools.appkit:mule-appkit-maven-plugin:jar:3.5-SNAPSHOT in https://repository.mulesoft.org/releases/ was cached in the local repository, resolution will not be reattempted until the update interval of mulesoft-release has elapsed or updates are forced
	at org.sonatype.aether.impl.internal.DefaultUpdateCheckManager.newException(DefaultUpdateCheckManager.java:230)
	at org.sonatype.aether.impl.internal.DefaultUpdateCheckManager.checkArtifact(DefaultUpdateCheckManager.java:204)
	at org.sonatype.aether.impl.internal.DefaultArtifactResolver.resolve(DefaultArtifactResolver.java:427)
	... 27 more
[ERROR]     Unknown packaging: mule @ line 7, column 16
[ERROR] 
[ERROR] Re-run Maven using the -X switch to enable full debug logging.
[ERROR] 
[ERROR] For more information about the errors and possible solutions, please read the following articles:
[ERROR] [Help 1] http://cwiki.apache.org/confluence/display/MAVEN/ProjectBuildingException
[ERROR] [Help 2] http://cwiki.apache.org/confluence/display/MAVEN/PluginResolutionException

	at org.apache.maven.it.Verifier.executeGoals(Verifier.java:1397)
	at org.apache.maven.it.Verifier.executeGoal(Verifier.java:1240)
	at org.mule.appkit.it.AbstractMavenIT.buildExecutable(AbstractMavenIT.java:74)
	at sun.reflect.NativeMethodAccessorImpl.invoke0(Native Method)
	at sun.reflect.NativeMethodAccessorImpl.invoke(NativeMethodAccessorImpl.java:39)
	at sun.reflect.DelegatingMethodAccessorImpl.invoke(DelegatingMethodAccessorImpl.java:25)
	at java.lang.reflect.Method.invoke(Method.java:597)
	at org.junit.runners.model.FrameworkMethod$1.runReflectiveCall(FrameworkMethod.java:44)
	at org.junit.internal.runners.model.ReflectiveCallable.run(ReflectiveCallable.java:15)
	at org.junit.runners.model.FrameworkMethod.invokeExplosively(FrameworkMethod.java:41)
	at org.junit.internal.runners.statements.InvokeMethod.evaluate(InvokeMethod.java:20)
	at org.junit.internal.runners.statements.RunBefores.evaluate(RunBefores.java:28)
	at org.junit.runners.BlockJUnit4ClassRunner.runNotIgnored(BlockJUnit4ClassRunner.java:79)
	at org.junit.runners.BlockJUnit4ClassRunner.runChild(BlockJUnit4ClassRunner.java:71)
	at org.junit.runners.BlockJUnit4ClassRunner.runChild(BlockJUnit4ClassRunner.java:49)
	at org.junit.runners.ParentRunner$3.run(ParentRunner.java:193)
	at org.junit.runners.ParentRunner$1.schedule(ParentRunner.java:52)
	at org.junit.runners.ParentRunner.runChildren(ParentRunner.java:191)
	at org.junit.runners.ParentRunner.access$000(ParentRunner.java:42)
	at org.junit.runners.ParentRunner$2.evaluate(ParentRunner.java:184)
	at org.junit.runners.ParentRunner.run(ParentRunner.java:236)
	at org.apache.maven.surefire.junit4.JUnit4TestSet.execute(JUnit4TestSet.java:35)
	at org.apache.maven.surefire.junit4.JUnit4Provider.executeTestSet(JUnit4Provider.java:115)
	at org.apache.maven.surefire.junit4.JUnit4Provider.invoke(JUnit4Provider.java:97)
	at sun.reflect.NativeMethodAccessorImpl.invoke0(Native Method)
	at sun.reflect.NativeMethodAccessorImpl.invoke(NativeMethodAccessorImpl.java:39)
	at sun.reflect.DelegatingMethodAccessorImpl.invoke(DelegatingMethodAccessorImpl.java:25)
	at java.lang.reflect.Method.invoke(Method.java:597)
	at org.apache.maven.surefire.booter.ProviderFactory$ClassLoaderProxy.invoke(ProviderFactory.java:103)
	at com.sun.proxy.$Proxy16.invoke(Unknown Source)
	at org.apache.maven.surefire.booter.SurefireStarter.invokeProvider(SurefireStarter.java:150)
	at org.apache.maven.surefire.booter.SurefireStarter.runSuitesInProcess(SurefireStarter.java:91)
	at org.apache.maven.plugin.surefire.booterclient.ForkStarter.run(ForkStarter.java:105)
	at org.apache.maven.plugin.failsafe.IntegrationTestMojo.execute(IntegrationTestMojo.java:665)
	at org.apache.maven.plugin.DefaultBuildPluginManager.executeMojo(DefaultBuildPluginManager.java:101)
	at org.apache.maven.lifecycle.internal.MojoExecutor.execute(MojoExecutor.java:209)
	at org.apache.maven.lifecycle.internal.MojoExecutor.execute(MojoExecutor.java:153)
	at org.apache.maven.lifecycle.internal.MojoExecutor.execute(MojoExecutor.java:145)
	at org.apache.maven.lifecycle.internal.LifecycleModuleBuilder.buildProject(LifecycleModuleBuilder.java:84)
	at org.apache.maven.lifecycle.internal.LifecycleModuleBuilder.buildProject(LifecycleModuleBuilder.java:59)
	at org.apache.maven.lifecycle.internal.LifecycleStarter.singleThreadedBuild(LifecycleStarter.java:183)
	at org.apache.maven.lifecycle.internal.LifecycleStarter.execute(LifecycleStarter.java:161)
	at org.apache.maven.DefaultMaven.doExecute(DefaultMaven.java:320)
	at org.apache.maven.DefaultMaven.execute(DefaultMaven.java:156)
	at org.apache.maven.cli.MavenCli.execute(MavenCli.java:537)
	at org.apache.maven.cli.MavenCli.doMain(MavenCli.java:196)
	at org.apache.maven.cli.MavenCli.main(MavenCli.java:141)
	at sun.reflect.NativeMethodAccessorImpl.invoke0(Native Method)
	at sun.reflect.NativeMethodAccessorImpl.invoke(NativeMethodAccessorImpl.java:39)
	at sun.reflect.DelegatingMethodAccessorImpl.invoke(DelegatingMethodAccessorImpl.java:25)
	at java.lang.reflect.Method.invoke(Method.java:597)
	at org.codehaus.plexus.classworlds.launcher.Launcher.launchEnhanced(Launcher.java:290)
	at org.codehaus.plexus.classworlds.launcher.Launcher.launch(Launcher.java:230)
	at org.codehaus.plexus.classworlds.launcher.Launcher.mainWithExitCode(Launcher.java:409)
	at org.codehaus.plexus.classworlds.launcher.Launcher.main(Launcher.java:352)
</error>
    <system-out>Tests run: 1, Failures: 0, Errors: 1, Skipped: 0, Time elapsed: 20.973 sec &lt;&lt;&lt; FAILURE!
Running org.mule.appkit.it.PackageWithArchivedClassesIT
</system-out>
  </testcase>
</testsuite>